<?xml version="1.0" encoding="UTF-8"?>
<testsuite xmlns:xsi="http://www.w3.org/2001/XMLSchema-instance" xsi:noNamespaceSchemaLocation="https://maven.apache.org/surefire/maven-surefire-plugin/xsd/surefire-test-report.xsd" name="com.cloudsim.AppTest" time="0.058" tests="1" errors="0" skipped="0" failures="0">
  <properties>
    <property name="sun.desktop" value="windows"/>
    <property name="awt.toolkit" value="sun.awt.windows.WToolkit"/>
    <property name="java.specification.version" value="11"/>
    <property name="sun.cpu.isalist" value="amd64"/>
    <property name="sun.jnu.encoding" value="Cp1252"/>
    <property name="java.class.path" value="C:\Users\Yogita beniwal\Desktop\CloudSim\cloudsim-plus-demo\target\test-classes;C:\Users\Yogita beniwal\Desktop\CloudSim\cloudsim-plus-demo\target\classes;C:\Users\Yogita beniwal\.m2\repository\junit\junit\4.11\junit-4.11.jar;C:\Users\Yogita beniwal\.m2\repository\org\hamcrest\hamcrest-core\1.3\hamcrest-core-1.3.jar;C:\Users\Yogita beniwal\.m2\repository\org\cloudsimplus\cloudsim-plus\6.4.0\cloudsim-plus-6.4.0.jar;C:\Users\Yogita beniwal\.m2\repository\org\apache\commons\commons-math3\3.6.1\commons-math3-3.6.1.jar;C:\Users\Yogita beniwal\.m2\repository\org\apache\commons\commons-lang3\3.8.1\commons-lang3-3.8.1.jar;C:\Users\Yogita beniwal\.m2\repository\org\apache\commons\commons-collections4\4.1\commons-collections4-4.1.jar;C:\Users\Yogita beniwal\.m2\repository\com\google\code\gson\gson\2.8.2\gson-2.8.2.jar;C:\Users\Yogita beniwal\.m2\repository\ch\qos\logback\logback-core\1.3.0-alpha4\logback-core-1.3.0-alpha4.jar;C:\Users\Yogita beniwal\.m2\repository\ch\qos\logback\logback-classic\1.3.0-alpha4\logback-classic-1.3.0-alpha4.jar;C:\Users\Yogita beniwal\.m2\repository\com\sun\mail\javax.mail\1.6.0\javax.mail-1.6.0.jar;C:\Users\Yogita beniwal\.m2\repository\javax\activation\activation\1.1\activation-1.1.jar;C:\Users\Yogita beniwal\.m2\repository\org\slf4j\slf4j-api\1.8.0-beta2\slf4j-api-1.8.0-beta2.jar;"/>
    <property name="java.vm.vendor" value="Eclipse Adoptium"/>
    <property name="sun.arch.data.model" value="64"/>
    <property name="user.variant" value=""/>
    <property name="java.vendor.url" value="https://adoptium.net/"/>
    <property name="user.timezone" value="Asia/Calcutta"/>
    <property name="java.vm.specification.version" value="11"/>
    <property name="os.name" value="Windows 11"/>
    <property name="sun.java.launcher" value="SUN_STANDARD"/>
    <property name="user.country" value="IN"/>
    <property name="sun.boot.library.path" value="C:\Program Files\Eclipse Adoptium\jdk-11.0.26.4-hotspot\bin"/>
    <property name="sun.java.command" value="C:\Users\YOGITA~1\AppData\Local\Temp\surefire13774668813883253791\surefirebooter10971286303403905401.jar C:\Users\Yogita beniwal\AppData\Local\Temp\surefire13774668813883253791 2025-04-15T10-37-05_218-jvmRun1 surefire10342747771731633242tmp surefire_0353522414933752569tmp"/>
    <property name="jdk.debug" value="release"/>
    <property name="surefire.test.class.path" value="C:\Users\Yogita beniwal\Desktop\CloudSim\cloudsim-plus-demo\target\test-classes;C:\Users\Yogita beniwal\Desktop\CloudSim\cloudsim-plus-demo\target\classes;C:\Users\Yogita beniwal\.m2\repository\junit\junit\4.11\junit-4.11.jar;C:\Users\Yogita beniwal\.m2\repository\org\hamcrest\hamcrest-core\1.3\hamcrest-core-1.3.jar;C:\Users\Yogita beniwal\.m2\repository\org\cloudsimplus\cloudsim-plus\6.4.0\cloudsim-plus-6.4.0.jar;C:\Users\Yogita beniwal\.m2\repository\org\apache\commons\commons-math3\3.6.1\commons-math3-3.6.1.jar;C:\Users\Yogita beniwal\.m2\repository\org\apache\commons\commons-lang3\3.8.1\commons-lang3-3.8.1.jar;C:\Users\Yogita beniwal\.m2\repository\org\apache\commons\commons-collections4\4.1\commons-collections4-4.1.jar;C:\Users\Yogita beniwal\.m2\repository\com\google\code\gson\gson\2.8.2\gson-2.8.2.jar;C:\Users\Yogita beniwal\.m2\repository\ch\qos\logback\logback-core\1.3.0-alpha4\logback-core-1.3.0-alpha4.jar;C:\Users\Yogita beniwal\.m2\repository\ch\qos\logback\logback-classic\1.3.0-alpha4\logback-classic-1.3.0-alpha4.jar;C:\Users\Yogita beniwal\.m2\repository\com\sun\mail\javax.mail\1.6.0\javax.mail-1.6.0.jar;C:\Users\Yogita beniwal\.m2\repository\javax\activation\activation\1.1\activation-1.1.jar;C:\Users\Yogita beniwal\.m2\repository\org\slf4j\slf4j-api\1.8.0-beta2\slf4j-api-1.8.0-beta2.jar;"/>
    <property name="sun.cpu.endian" value="little"/>
    <property name="user.home" value="C:\Users\Yogita beniwal"/>
    <property name="user.language" value="en"/>
    <property name="java.specification.vendor" value="Oracle Corporation"/>
    <property name="java.version.date" value="2025-01-21"/>
    <property name="java.home" value="C:\Program Files\Eclipse Adoptium\jdk-11.0.26.4-hotspot"/>
    <property name="file.separator" value="\"/>
    <property name="basedir" value="C:\Users\Yogita beniwal\Desktop\CloudSim\cloudsim-plus-demo"/>
    <property name="java.vm.compressedOopsMode" value="Zero based"/>
    <property name="line.separator" value="&#10;"/>
    <property name="java.specification.name" value="Java Platform API Specification"/>
    <property name="java.vm.specification.vendor" value="Oracle Corporation"/>
    <property name="java.awt.graphicsenv" value="sun.awt.Win32GraphicsEnvironment"/>
    <property name="surefire.real.class.path" value="C:\Users\YOGITA~1\AppData\Local\Temp\surefire13774668813883253791\surefirebooter10971286303403905401.jar"/>
    <property name="user.script" value=""/>
    <property name="sun.management.compiler" value="HotSpot 64-Bit Tiered Compilers"/>
    <property name="java.runtime.version" value="11.0.26+4"/>
    <property name="user.name" value="Yogita beniwal"/>
    <property name="path.separator" value=";"/>
    <property name="os.version" value="10.0"/>
    <property name="java.runtime.name" value="OpenJDK Runtime Environment"/>
    <property name="file.encoding" value="Cp1252"/>
    <property name="java.vm.name" value="OpenJDK 64-Bit Server VM"/>
    <property name="java.vendor.version" value="Temurin-11.0.26+4"/>
    <property name="localRepository" value="C:\Users\Yogita beniwal\.m2\repository"/>
    <property name="java.vendor.url.bug" value="https://github.com/adoptium/adoptium-support/issues"/>
    <property name="java.io.tmpdir" value="C:\Users\YOGITA~1\AppData\Local\Temp\"/>
    <property name="java.version" value="11.0.26"/>
    <property name="user.dir" value="C:\Users\Yogita beniwal\Desktop\CloudSim\cloudsim-plus-demo"/>
    <property name="os.arch" value="amd64"/>
    <property name="java.vm.specification.name" value="Java Virtual Machine Specification"/>
    <property name="java.awt.printerjob" value="sun.awt.windows.WPrinterJob"/>
    <property name="sun.os.patch.level" value=""/>
    <property name="java.library.path" value="C:\Program Files\Eclipse Adoptium\jdk-11.0.26.4-hotspot\bin;C:\WINDOWS\Sun\Java\bin;C:\WINDOWS\system32;C:\WINDOWS;C:\Users\Yogita beniwal\AppData\Local\cloud-code\installer\google-cloud-sdk\bin;C:\Program Files\Eclipse Adoptium\jdk-11.0.26.4-hotspot\bin;C:\Python312\Scripts\;C:\Python312\;C:\Windows\system32;C:\Windows;C:\Windows\System32\Wbem;C:\Windows\System32\WindowsPowerShell\v1.0\;C:\Windows\System32\OpenSSH\;C:\Program Files (x86)\NVIDIA Corporation\PhysX\Common;C:\Program Files\NVIDIA Corporation\NVIDIA NvDLISR;C:\MinGW\bin;C:\Program Files\Git\cmd;C:\Program Files\nodejs\;C:\ProgramData\chocolatey\bin;C:\Users\Yogita beniwal\Downloads\apache-maven-3.9.9\bin;;C:\WINDOWS\system32;C:\WINDOWS;C:\WINDOWS\System32\Wbem;C:\WINDOWS\System32\WindowsPowerShell\v1.0\;C:\WINDOWS\System32\OpenSSH\;C:\Users\Yogita beniwal\AppData\Local\Microsoft\WindowsApps;C:\msys64\ucrt64\bin;C:\Users\Yogita beniwal\AppData\Local\Programs\Microsoft VS Code\bin;C:\Users\Yogita beniwal\AppData\Roaming\npm;C:\Program Files\JetBrains\IntelliJ IDEA 2024.3.1.1\bin;;C:\Program Files\Apache\Maven\apache-maven-3.9.9\bin;;."/>
    <property name="java.vm.info" value="mixed mode"/>
    <property name="java.vendor" value="Eclipse Adoptium"/>
    <property name="java.vm.version" value="11.0.26+4"/>
    <property name="java.specification.maintenance.version" value="3"/>
    <property name="sun.io.unicode.encoding" value="UnicodeLittle"/>
    <property name="java.class.version" value="55.0"/>
  </properties>
  <testcase name="shouldAnswerWithTrue" classname="com.cloudsim.AppTest" time="0.002"/>
</testsuite>